2019-05-14 10:27:59.327 - INFO  [           main] o.s.b.StartupInfoLogger        : Starting App on DESKTOP-2JUJOIJ with PID 7268 (D:\githubFiles\CRM\target\classes started by LiJunXiao in D:\githubFiles\CRM)
2019-05-14 10:27:59.333 - INFO  [           main] o.s.b.SpringApplication        : No active profile set, falling back to default profiles: default
2019-05-14 10:28:00.982 - INFO  [           main] o.s.b.w.e.t.TomcatWebServer    : Tomcat initialized with port(s): 8080 (http)
2019-05-14 10:28:00.999 - INFO  [           main] o.a.j.l.DirectJDKLog           : Initializing ProtocolHandler ["http-nio-8080"]
2019-05-14 10:28:01.011 - INFO  [           main] o.a.j.l.DirectJDKLog           : Starting service [Tomcat]
2019-05-14 10:28:01.012 - INFO  [           main] o.a.j.l.DirectJDKLog           : Starting Servlet engine: [Apache Tomcat/9.0.17]
2019-05-14 10:28:01.146 - INFO  [           main] o.a.j.l.DirectJDKLog           : Initializing Spring embedded WebApplicationContext
2019-05-14 10:28:01.146 - INFO  [           main] letWebServerApplicationContext : Root WebApplicationContext: initialization completed in 1739 ms
2019-05-14 10:28:01.320 - INFO  [           main] a.DruidDataSourceAutoConfigure : Init DruidDataSource
2019-05-14 10:28:01.617 - INFO  [           main] c.a.d.p.DruidDataSource        : {dataSource-1} inited
2019-05-14 10:28:02.240 - INFO  [           main] c.ExecutorConfigurationSupport : Initializing ExecutorService 'applicationTaskExecutor'
2019-05-14 10:28:02.616 - INFO  [           main] o.a.j.l.DirectJDKLog           : Starting ProtocolHandler ["http-nio-8080"]
2019-05-14 10:28:02.646 - INFO  [           main] o.s.b.w.e.t.TomcatWebServer    : Tomcat started on port(s): 8080 (http) with context path '/CRM'
2019-05-14 10:28:02.651 - INFO  [           main] o.s.b.StartupInfoLogger        : Started App in 3.575 seconds (JVM running for 4.984)
2019-05-14 10:28:06.819 - INFO  [nio-8080-exec-1] o.a.j.l.DirectJDKLog           : Initializing Spring DispatcherServlet 'dispatcherServlet'
2019-05-14 10:28:06.820 - INFO  [nio-8080-exec-1] o.s.w.s.FrameworkServlet       : Initializing Servlet 'dispatcherServlet'
2019-05-14 10:28:06.831 - INFO  [nio-8080-exec-1] o.s.w.s.FrameworkServlet       : Completed initialization in 11 ms
2019-05-14 10:43:04.237 - INFO  [on(2)-127.0.0.1] gistrar$SpringApplicationAdmin : Application shutdown requested.
2019-05-14 10:43:04.240 - INFO  [on(2)-127.0.0.1] c.ExecutorConfigurationSupport : Shutting down ExecutorService 'applicationTaskExecutor'
2019-05-14 10:43:04.245 - INFO  [on(2)-127.0.0.1] c.a.d.p.DruidDataSource        : {dataSource-1} closed
2019-05-14 10:46:10.164 - INFO  [           main] o.s.b.StartupInfoLogger        : Starting App on DESKTOP-2JUJOIJ with PID 10192 (D:\githubFiles\CRM\target\classes started by LiJunXiao in D:\githubFiles\CRM)
2019-05-14 10:46:10.168 - INFO  [           main] o.s.b.SpringApplication        : No active profile set, falling back to default profiles: default
2019-05-14 10:46:11.058 - INFO  [           main] o.s.b.w.e.t.TomcatWebServer    : Tomcat initialized with port(s): 8080 (http)
2019-05-14 10:46:11.065 - INFO  [           main] o.a.j.l.DirectJDKLog           : Initializing ProtocolHandler ["http-nio-8080"]
2019-05-14 10:46:11.071 - INFO  [           main] o.a.j.l.DirectJDKLog           : Starting service [Tomcat]
2019-05-14 10:46:11.072 - INFO  [           main] o.a.j.l.DirectJDKLog           : Starting Servlet engine: [Apache Tomcat/9.0.17]
2019-05-14 10:46:11.165 - INFO  [           main] o.a.j.l.DirectJDKLog           : Initializing Spring embedded WebApplicationContext
2019-05-14 10:46:11.165 - INFO  [           main] letWebServerApplicationContext : Root WebApplicationContext: initialization completed in 943 ms
2019-05-14 10:46:11.289 - INFO  [           main] a.DruidDataSourceAutoConfigure : Init DruidDataSource
2019-05-14 10:46:11.473 - INFO  [           main] c.a.d.p.DruidDataSource        : {dataSource-1} inited
2019-05-14 10:46:11.839 - INFO  [           main] c.ExecutorConfigurationSupport : Initializing ExecutorService 'applicationTaskExecutor'
2019-05-14 10:46:12.092 - INFO  [           main] o.a.j.l.DirectJDKLog           : Starting ProtocolHandler ["http-nio-8080"]
2019-05-14 10:46:12.107 - INFO  [           main] o.s.b.w.e.t.TomcatWebServer    : Tomcat started on port(s): 8080 (http) with context path '/CRM'
2019-05-14 10:46:12.109 - INFO  [           main] o.s.b.StartupInfoLogger        : Started App in 2.131 seconds (JVM running for 3.125)
2019-05-14 10:46:15.490 - INFO  [nio-8080-exec-1] o.a.j.l.DirectJDKLog           : Initializing Spring DispatcherServlet 'dispatcherServlet'
2019-05-14 10:46:15.491 - INFO  [nio-8080-exec-1] o.s.w.s.FrameworkServlet       : Initializing Servlet 'dispatcherServlet'
2019-05-14 10:46:15.497 - INFO  [nio-8080-exec-1] o.s.w.s.FrameworkServlet       : Completed initialization in 6 ms
